#
# A fatal error has been detected by the Java Runtime Environment:
#
#  SIGBUS (0xa) at pc=0x000000010148ee92, pid=12330, tid=0x0000000000002503
#
# JRE version: Java(TM) SE Runtime Environment (8.0_211-b12) (build 1.8.0_211-b12)
# Java VM: Java HotSpot(TM) 64-Bit Server VM (25.211-b12 mixed mode bsd-amd64 compressed oops)
# Problematic frame:
# C  [libzip.dylib+0x2e92]  newEntry+0x154
#
# Failed to write core dump. Core dumps have been disabled. To enable core dumping, try "ulimit -c unlimited" before starting Java again
#
# If you would like to submit a bug report, please visit:
#   http://bugreport.java.com/bugreport/crash.jsp
# The crash happened outside the Java Virtual Machine in native code.
# See problematic frame for where to report the bug.
#

---------------  T H R E A D  ---------------

Current thread (0x00007f905b005000):  JavaThread "main" [_thread_in_native, id=9475, stack(0x000070000dc3e000,0x000070000dd3e000)]

siginfo: si_signo: 10 (SIGBUS), si_code: 2 (BUS_ADRERR), si_addr: 0x000000011d727d3e

Registers:
RAX=0x00007f905cc64b30, RBX=0x000000011d727d32, RCX=0x0000000000000000, RDX=0x0000000040000000
RSP=0x000070000dd3b6d0, RBP=0x000070000dd3b730, RSI=0x0000000005ce3bfe, RDI=0x00000000000003bf
R8 =0x0000000005ce3bfa, R9 =0x00000000c3ffffff, R10=0x00007f905ce00000, R11=0x0000000000000001
R12=0x00007f9060186c00, R13=0x0000000000000680, R14=0x00000000af81594c, R15=0x00007f905ce3b910
RIP=0x000000010148ee92, EFLAGS=0x0000000000010202, ERR=0x0000000000000004
  TRAPNO=0x000000000000000e

Top of Stack: (sp=0x000070000dd3b6d0)
0x000070000dd3b6d0:   00000000fffffff6 000000001f1602f0
0x000070000dd3b6e0:   000070000dd3ba10 0000000102513e7d
0x000070000dd3b6f0:   000070000dd3b710 00007f905cc64b30
0x000070000dd3b700:   00007f905ce3bf90 00007f905cc64b30
0x000070000dd3b710:   00007f9060186c00 0000000000000680
0x000070000dd3b720:   00000000af81594c 00007f905ce3b910
0x000070000dd3b730:   000070000dd3b790 000000010148f52d
0x000070000dd3b740:   000070000dd3b7e9 000070000dd3b7e8
0x000070000dd3b750:   0000003900000000 0000003a00005000
0x000070000dd3b760:   000070000dd3b7ae 000070000dd3bbf8
0x000070000dd3b770:   000000000000003a 000070000dd3b7ae
0x000070000dd3b780:   00007f905cc64b30 00007f905b0051f8
0x000070000dd3b790:   000070000dd3bbe0 000000010148e238
0x000070000dd3b7a0:   00000000000003d8 4557700000000000
0x000070000dd3b7b0:   696c2f464e492d42 2d73736f626a2f62
0x000070000dd3b7c0:   65727275636e6f63 5f6970612d79636e
0x000070000dd3b7d0:   636570735f302e31 462e322e302e312d
0x000070000dd3b7e0:   72616a2e6c616e69 000000011aff1e00
0x000070000dd3b7f0:   00007f905b005000 0000000102512c04
0x000070000dd3b800:   0000000100000009 000000011aff1e28
0x000070000dd3b810:   00000001033fac50 000000091f1602f0
0x000070000dd3b820:   000000011aff1e28 000000011b0a0c08
0x000070000dd3b830:   00000001033fac50 00007f905b005000
0x000070000dd3b840:   0000000000000000 000070000dd3bd60
0x000070000dd3b850:   00007f905b005000 000070000dd3b900
0x000070000dd3b860:   000070000dd3b8e0 000000010262fb10
0x000070000dd3b870:   000000011b0a0c08 00007f905b005000
0x000070000dd3b880:   0000000100000001 000000011aff1e28
0x000070000dd3b890:   00007f905b005000 000070000dd3b898
0x000070000dd3b8a0:   010000011dd8f8c4 000070000dd3bbf8
0x000070000dd3b8b0:   000070000dd3b8f0 000000011aff1e28
0x000070000dd3b8c0:   000070000dd3b8e0 0000000102286942 

Instructions: (pc=0x000000010148ee92)
0x000000010148ee72:   49 8b 7f 38 e8 5b 1b 00 00 4d 89 77 38 49 89 5f
0x000000010148ee82:   40 4c 89 f0 48 85 c0 0f 84 11 05 00 00 48 89 c3
0x000000010148ee92:   0f b6 43 0c 0f b6 4b 0d 48 c1 e1 08 48 01 c1 0f
0x000000010148eea2:   b6 43 0e 0f b6 53 0f 48 c1 e2 08 48 01 c2 48 c1 

Register to memory mapping:

RAX=0x00007f905cc64b30 is an unknown value
RBX=0x000000011d727d32 is an unknown value
RCX=0x0000000000000000 is an unknown value
RDX=0x0000000040000000 is an unknown value
RSP=0x000070000dd3b6d0 is pointing into the stack for thread: 0x00007f905b005000
RBP=0x000070000dd3b730 is pointing into the stack for thread: 0x00007f905b005000
RSI=0x0000000005ce3bfe is an unknown value
RDI=0x00000000000003bf is an unknown value
R8 =0x0000000005ce3bfa is an unknown value
R9 =0x00000000c3ffffff is an unknown value
R10=0x00007f905ce00000 is an unknown value
R11=0x0000000000000001 is an unknown value
R12=0x00007f9060186c00 is an unknown value
R13=0x0000000000000680 is an unknown value
R14=0x00000000af81594c is an unknown value
R15=0x00007f905ce3b910 is an unknown value


Stack: [0x000070000dc3e000,0x000070000dd3e000],  sp=0x000070000dd3b6d0,  free space=1013k
Native frames: (J=compiled Java code, j=interpreted, Vv=VM code, C=native code)
C  [libzip.dylib+0x2e92]  newEntry+0x154
C  [libzip.dylib+0x352d]  ZIP_GetEntry2+0xd4
C  [libzip.dylib+0x2238]  Java_java_util_zip_ZipFile_getEntry+0xcf
J 134  java.util.zip.ZipFile.getEntry(J[BZ)J (0 bytes) @ 0x0000000103249fce [0x0000000103249f00+0xce]
J 327 C1 java.util.zip.ZipFile.getInputStream(Ljava/util/zip/ZipEntry;)Ljava/io/InputStream; (304 bytes) @ 0x00000001032cfbcc [0x00000001032cf840+0x38c]
j  org.jboss.shrinkwrap.impl.base.asset.ZipFileEntryAsset.openStream()Ljava/io/InputStream;+8
j  org.wildfly.swarm.tools.DependencyManager.isRemovable(Lorg/jboss/shrinkwrap/api/Node;)Z+25
j  org.wildfly.swarm.tools.WebInfLibFilteringArchive.filter(Ljava/util/Set;Lorg/jboss/shrinkwrap/api/Node;Lorg/wildfly/swarm/tools/ResolvedDependencies;)V+58
j  org.wildfly.swarm.tools.WebInfLibFilteringArchive.filter(Ljava/util/Set;Lorg/jboss/shrinkwrap/api/Node;Lorg/wildfly/swarm/tools/ResolvedDependencies;)V+119
j  org.wildfly.swarm.tools.WebInfLibFilteringArchive.filter(Ljava/util/Set;Lorg/jboss/shrinkwrap/api/Node;Lorg/wildfly/swarm/tools/ResolvedDependencies;)V+119
j  org.wildfly.swarm.tools.WebInfLibFilteringArchive.filter(Ljava/util/Set;Lorg/jboss/shrinkwrap/api/Node;Lorg/wildfly/swarm/tools/ResolvedDependencies;)V+119
j  org.wildfly.swarm.tools.WebInfLibFilteringArchive.filter(Lorg/wildfly/swarm/tools/ResolvedDependencies;)V+23
j  org.wildfly.swarm.tools.WebInfLibFilteringArchive.<init>(Lorg/jboss/shrinkwrap/api/Archive;Lorg/wildfly/swarm/tools/ResolvedDependencies;)V+7
j  org.wildfly.swarm.tools.WebInfLibFilteringArchiveAsset.openStream()Ljava/io/InputStream;+17
j  org.jboss.shrinkwrap.impl.base.exporter.AbstractOnDemandInputStream.read()I+245
J 7380 C2 java.io.InputStream.read([BII)I (109 bytes) @ 0x000000010476fffc [0x000000010476ff00+0xfc]
J 7341 C1 java.io.InputStream.read([B)I (9 bytes) @ 0x0000000103ead58c [0x0000000103ead480+0x10c]
j  org.jboss.shrinkwrap.impl.base.io.IOUtil.copy(Ljava/io/InputStream;Ljava/io/OutputStream;)V+10
j  org.jboss.shrinkwrap.impl.base.exporter.AbstractStreamExporterImpl.exportTo(Ljava/io/OutputStream;)V+21
j  org.wildfly.swarm.tools.BuildTool.createJar(Ljava/lang/String;Ljava/nio/file/Path;)Ljava/io/File;+200
j  org.wildfly.swarm.tools.BuildTool.build(Ljava/lang/String;Ljava/nio/file/Path;)Ljava/io/File;+8
j  org.wildfly.swarm.plugin.maven.PackageMojo.executeSpecific()V+688
j  org.wildfly.swarm.plugin.maven.AbstractSwarmMojo.execute()V+24
j  org.apache.maven.plugin.DefaultBuildPluginManager.executeMojo(Lorg/apache/maven/execution/MavenSession;Lorg/apache/maven/plugin/MojoExecution;)V+155
j  org.apache.maven.lifecycle.internal.MojoExecutor.execute(Lorg/apache/maven/execution/MavenSession;Lorg/apache/maven/plugin/MojoExecution;Lorg/apache/maven/lifecycle/internal/ProjectIndex;Lorg/apache/maven/lifecycle/internal/DependencyContext;)V+220
j  org.apache.maven.lifecycle.internal.MojoExecutor.execute(Lorg/apache/maven/execution/MavenSession;Lorg/apache/maven/plugin/MojoExecution;Lorg/apache/maven/lifecycle/internal/ProjectIndex;Lorg/apache/maven/lifecycle/internal/DependencyContext;Lorg/apache/maven/lifecycle/internal/PhaseRecorder;)V+6
j  org.apache.maven.lifecycle.internal.MojoExecutor.execute(Lorg/apache/maven/execution/MavenSession;Ljava/util/List;Lorg/apache/maven/lifecycle/internal/ProjectIndex;)V+60
j  org.apache.maven.lifecycle.internal.LifecycleModuleBuilder.buildProject(Lorg/apache/maven/execution/MavenSession;Lorg/apache/maven/execution/MavenSession;Lorg/apache/maven/lifecycle/internal/ReactorContext;Lorg/apache/maven/project/MavenProject;Lorg/apache/maven/lifecycle/internal/TaskSegment;)V+180
j  org.apache.maven.lifecycle.internal.LifecycleModuleBuilder.buildProject(Lorg/apache/maven/execution/MavenSession;Lorg/apache/maven/lifecycle/internal/ReactorContext;Lorg/apache/maven/project/MavenProject;Lorg/apache/maven/lifecycle/internal/TaskSegment;)V+7
j  org.apache.maven.lifecycle.internal.builder.singlethreaded.SingleThreadedBuilder.build(Lorg/apache/maven/execution/MavenSession;Lorg/apache/maven/lifecycle/internal/ReactorContext;Lorg/apache/maven/lifecycle/internal/ProjectBuildList;Ljava/util/List;Lorg/apache/maven/lifecycle/internal/ReactorBuildStatus;)V+77
j  org.apache.maven.lifecycle.internal.LifecycleStarter.execute(Lorg/apache/maven/execution/MavenSession;)V+353
j  org.apache.maven.DefaultMaven.doExecute(Lorg/apache/maven/execution/MavenExecutionRequest;Lorg/apache/maven/execution/MavenSession;Lorg/apache/maven/execution/MavenExecutionResult;Lorg/eclipse/aether/DefaultRepositorySystemSession;)Lorg/apache/maven/execution/MavenExecutionResult;+414
j  org.apache.maven.DefaultMaven.doExecute(Lorg/apache/maven/execution/MavenExecutionRequest;)Lorg/apache/maven/execution/MavenExecutionResult;+99
j  org.apache.maven.DefaultMaven.execute(Lorg/apache/maven/execution/MavenExecutionRequest;)Lorg/apache/maven/execution/MavenExecutionResult;+2
j  org.apache.maven.cli.MavenCli.execute(Lorg/apache/maven/cli/CliRequest;)I+27
j  org.apache.maven.cli.MavenCli.doMain(Lorg/apache/maven/cli/CliRequest;)I+66
j  org.apache.maven.cli.MavenCli.main([Ljava/lang/String;Lorg/codehaus/plexus/classworlds/ClassWorld;)I+18
v  ~StubRoutines::call_stub
V  [libjvm.dylib+0x2f0d1e]
V  [libjvm.dylib+0x4d7790]
V  [libjvm.dylib+0x4d7cc4]
V  [libjvm.dylib+0x34926c]
j  sun.reflect.NativeMethodAccessorImpl.invoke0(Ljava/lang/reflect/Method;Ljava/lang/Object;[Ljava/lang/Object;)Ljava/lang/Object;+0
j  sun.reflect.NativeMethodAccessorImpl.invoke(Ljava/lang/Object;[Ljava/lang/Object;)Ljava/lang/Object;+100
j  sun.reflect.DelegatingMethodAccessorImpl.invoke(Ljava/lang/Object;[Ljava/lang/Object;)Ljava/lang/Object;+6
j  java.lang.reflect.Method.invoke(Ljava/lang/Object;[Ljava/lang/Object;)Ljava/lang/Object;+56
j  org.codehaus.plexus.classworlds.launcher.Launcher.launchEnhanced([Ljava/lang/String;)V+45
j  org.codehaus.plexus.classworlds.launcher.Launcher.launch([Ljava/lang/String;)V+2
j  org.codehaus.plexus.classworlds.launcher.Launcher.mainWithExitCode([Ljava/lang/String;)I+101
j  org.codehaus.plexus.classworlds.launcher.Launcher.main([Ljava/lang/String;)V+1
j  org.codehaus.classworlds.Launcher.main([Ljava/lang/String;)V+1
v  ~StubRoutines::call_stub
V  [libjvm.dylib+0x2f0d1e]
V  [libjvm.dylib+0x327cc5]
V  [libjvm.dylib+0x320a51]
C  [java+0x38c6]  JavaMain+0x9c4
C  [libsystem_pthread.dylib+0x32eb]  _pthread_body+0x7e
C  [libsystem_pthread.dylib+0x6249]  _pthread_start+0x42
C  [libsystem_pthread.dylib+0x240d]  thread_start+0xd
C  0x0000000000000000

Java frames: (J=compiled Java code, j=interpreted, Vv=VM code)
J 134  java.util.zip.ZipFile.getEntry(J[BZ)J (0 bytes) @ 0x0000000103249f58 [0x0000000103249f00+0x58]
J 327 C1 java.util.zip.ZipFile.getInputStream(Ljava/util/zip/ZipEntry;)Ljava/io/InputStream; (304 bytes) @ 0x00000001032cfbcc [0x00000001032cf840+0x38c]
j  org.jboss.shrinkwrap.impl.base.asset.ZipFileEntryAsset.openStream()Ljava/io/InputStream;+8
j  org.wildfly.swarm.tools.DependencyManager.isRemovable(Lorg/jboss/shrinkwrap/api/Node;)Z+25
j  org.wildfly.swarm.tools.WebInfLibFilteringArchive.filter(Ljava/util/Set;Lorg/jboss/shrinkwrap/api/Node;Lorg/wildfly/swarm/tools/ResolvedDependencies;)V+58
j  org.wildfly.swarm.tools.WebInfLibFilteringArchive.filter(Ljava/util/Set;Lorg/jboss/shrinkwrap/api/Node;Lorg/wildfly/swarm/tools/ResolvedDependencies;)V+119
j  org.wildfly.swarm.tools.WebInfLibFilteringArchive.filter(Ljava/util/Set;Lorg/jboss/shrinkwrap/api/Node;Lorg/wildfly/swarm/tools/ResolvedDependencies;)V+119
j  org.wildfly.swarm.tools.WebInfLibFilteringArchive.filter(Ljava/util/Set;Lorg/jboss/shrinkwrap/api/Node;Lorg/wildfly/swarm/tools/ResolvedDependencies;)V+119
j  org.wildfly.swarm.tools.WebInfLibFilteringArchive.filter(Lorg/wildfly/swarm/tools/ResolvedDependencies;)V+23
j  org.wildfly.swarm.tools.WebInfLibFilteringArchive.<init>(Lorg/jboss/shrinkwrap/api/Archive;Lorg/wildfly/swarm/tools/ResolvedDependencies;)V+7
j  org.wildfly.swarm.tools.WebInfLibFilteringArchiveAsset.openStream()Ljava/io/InputStream;+17
j  org.jboss.shrinkwrap.impl.base.exporter.AbstractOnDemandInputStream.read()I+245
J 7380 C2 java.io.InputStream.read([BII)I (109 bytes) @ 0x000000010476fffc [0x000000010476ff00+0xfc]
J 7341 C1 java.io.InputStream.read([B)I (9 bytes) @ 0x0000000103ead58c [0x0000000103ead480+0x10c]
j  org.jboss.shrinkwrap.impl.base.io.IOUtil.copy(Ljava/io/InputStream;Ljava/io/OutputStream;)V+10
j  org.jboss.shrinkwrap.impl.base.exporter.AbstractStreamExporterImpl.exportTo(Ljava/io/OutputStream;)V+21
j  org.wildfly.swarm.tools.BuildTool.createJar(Ljava/lang/String;Ljava/nio/file/Path;)Ljava/io/File;+200
j  org.wildfly.swarm.tools.BuildTool.build(Ljava/lang/String;Ljava/nio/file/Path;)Ljava/io/File;+8
j  org.wildfly.swarm.plugin.maven.PackageMojo.executeSpecific()V+688
j  org.wildfly.swarm.plugin.maven.AbstractSwarmMojo.execute()V+24
j  org.apache.maven.plugin.DefaultBuildPluginManager.executeMojo(Lorg/apache/maven/execution/MavenSession;Lorg/apache/maven/plugin/MojoExecution;)V+155
j  org.apache.maven.lifecycle.internal.MojoExecutor.execute(Lorg/apache/maven/execution/MavenSession;Lorg/apache/maven/plugin/MojoExecution;Lorg/apache/maven/lifecycle/internal/ProjectIndex;Lorg/apache/maven/lifecycle/internal/DependencyContext;)V+220
j  org.apache.maven.lifecycle.internal.MojoExecutor.execute(Lorg/apache/maven/execution/MavenSession;Lorg/apache/maven/plugin/MojoExecution;Lorg/apache/maven/lifecycle/internal/ProjectIndex;Lorg/apache/maven/lifecycle/internal/DependencyContext;Lorg/apache/maven/lifecycle/internal/PhaseRecorder;)V+6
j  org.apache.maven.lifecycle.internal.MojoExecutor.execute(Lorg/apache/maven/execution/MavenSession;Ljava/util/List;Lorg/apache/maven/lifecycle/internal/ProjectIndex;)V+60
j  org.apache.maven.lifecycle.internal.LifecycleModuleBuilder.buildProject(Lorg/apache/maven/execution/MavenSession;Lorg/apache/maven/execution/MavenSession;Lorg/apache/maven/lifecycle/internal/ReactorContext;Lorg/apache/maven/project/MavenProject;Lorg/apache/maven/lifecycle/internal/TaskSegment;)V+180
j  org.apache.maven.lifecycle.internal.LifecycleModuleBuilder.buildProject(Lorg/apache/maven/execution/MavenSession;Lorg/apache/maven/lifecycle/internal/ReactorContext;Lorg/apache/maven/project/MavenProject;Lorg/apache/maven/lifecycle/internal/TaskSegment;)V+7
j  org.apache.maven.lifecycle.internal.builder.singlethreaded.SingleThreadedBuilder.build(Lorg/apache/maven/execution/MavenSession;Lorg/apache/maven/lifecycle/internal/ReactorContext;Lorg/apache/maven/lifecycle/internal/ProjectBuildList;Ljava/util/List;Lorg/apache/maven/lifecycle/internal/ReactorBuildStatus;)V+77
j  org.apache.maven.lifecycle.internal.LifecycleStarter.execute(Lorg/apache/maven/execution/MavenSession;)V+353
j  org.apache.maven.DefaultMaven.doExecute(Lorg/apache/maven/execution/MavenExecutionRequest;Lorg/apache/maven/execution/MavenSession;Lorg/apache/maven/execution/MavenExecutionResult;Lorg/eclipse/aether/DefaultRepositorySystemSession;)Lorg/apache/maven/execution/MavenExecutionResult;+414
j  org.apache.maven.DefaultMaven.doExecute(Lorg/apache/maven/execution/MavenExecutionRequest;)Lorg/apache/maven/execution/MavenExecutionResult;+99
j  org.apache.maven.DefaultMaven.execute(Lorg/apache/maven/execution/MavenExecutionRequest;)Lorg/apache/maven/execution/MavenExecutionResult;+2
j  org.apache.maven.cli.MavenCli.execute(Lorg/apache/maven/cli/CliRequest;)I+27
j  org.apache.maven.cli.MavenCli.doMain(Lorg/apache/maven/cli/CliRequest;)I+66
j  org.apache.maven.cli.MavenCli.main([Ljava/lang/String;Lorg/codehaus/plexus/classworlds/ClassWorld;)I+18
v  ~StubRoutines::call_stub
j  sun.reflect.NativeMethodAccessorImpl.invoke0(Ljava/lang/reflect/Method;Ljava/lang/Object;[Ljava/lang/Object;)Ljava/lang/Object;+0
j  sun.reflect.NativeMethodAccessorImpl.invoke(Ljava/lang/Object;[Ljava/lang/Object;)Ljava/lang/Object;+100
j  sun.reflect.DelegatingMethodAccessorImpl.invoke(Ljava/lang/Object;[Ljava/lang/Object;)Ljava/lang/Object;+6
j  java.lang.reflect.Method.invoke(Ljava/lang/Object;[Ljava/lang/Object;)Ljava/lang/Object;+56
j  org.codehaus.plexus.classworlds.launcher.Launcher.launchEnhanced([Ljava/lang/String;)V+45
j  org.codehaus.plexus.classworlds.launcher.Launcher.launch([Ljava/lang/String;)V+2
j  org.codehaus.plexus.classworlds.launcher.Launcher.mainWithExitCode([Ljava/lang/String;)I+101
j  org.codehaus.plexus.classworlds.launcher.Launcher.main([Ljava/lang/String;)V+1
j  org.codehaus.classworlds.Launcher.main([Ljava/lang/String;)V+1
v  ~StubRoutines::call_stub

---------------  P R O C E S S  ---------------

Java Threads: ( => current thread )
  0x00007f905e800000 JavaThread "Service Thread" daemon [_thread_blocked, id=16131, stack(0x000070000ed71000,0x000070000ee71000)]
  0x00007f905b011000 JavaThread "C1 CompilerThread3" daemon [_thread_blocked, id=16387, stack(0x000070000ec6e000,0x000070000ed6e000)]
  0x00007f905c027000 JavaThread "C2 CompilerThread2" daemon [_thread_blocked, id=16899, stack(0x000070000eb6b000,0x000070000ec6b000)]
  0x00007f905c024800 JavaThread "C2 CompilerThread1" daemon [_thread_blocked, id=17155, stack(0x000070000ea68000,0x000070000eb68000)]
  0x00007f905b80b000 JavaThread "C2 CompilerThread0" daemon [_thread_blocked, id=17667, stack(0x000070000e965000,0x000070000ea65000)]
  0x00007f905b808800 JavaThread "Signal Dispatcher" daemon [_thread_blocked, id=17923, stack(0x000070000e862000,0x000070000e962000)]
  0x00007f905b806800 JavaThread "Finalizer" daemon [_thread_blocked, id=13315, stack(0x000070000e75f000,0x000070000e85f000)]
  0x00007f905d824000 JavaThread "Reference Handler" daemon [_thread_blocked, id=12803, stack(0x000070000e65c000,0x000070000e75c000)]
=>0x00007f905b005000 JavaThread "main" [_thread_in_native, id=9475, stack(0x000070000dc3e000,0x000070000dd3e000)]

Other Threads:
  0x00007f905b803800 VMThread [stack: 0x000070000e559000,0x000070000e659000] [id=12547]
  0x00007f905b80a000 WatcherThread [stack: 0x000070000ee74000,0x000070000ef74000] [id=15619]

VM state:not at safepoint (normal execution)

VM Mutex/Monitor currently owned by a thread: None

heap address: 0x00000006c0000000, size: 4096 MB, Compressed Oops mode: Zero based, Oop shift amount: 3
Narrow klass base: 0x0000000000000000, Narrow klass shift: 3
Compressed class space size: 1073741824 Address: 0x00000007c0000000

Heap:
 PSYoungGen      total 357376K, used 167095K [0x000000076ab00000, 0x000000078df00000, 0x00000007c0000000)
  eden space 330752K, 42% used [0x000000076ab00000,0x0000000773431020,0x000000077ee00000)
  from space 26624K, 99% used [0x000000078c500000,0x000000078defcf00,0x000000078df00000)
  to   space 34816K, 0% used [0x0000000789b00000,0x0000000789b00000,0x000000078bd00000)
 ParOldGen       total 167424K, used 46995K [0x00000006c0000000, 0x00000006ca380000, 0x000000076ab00000)
  object space 167424K, 28% used [0x00000006c0000000,0x00000006c2de4c90,0x00000006ca380000)
 Metaspace       used 31782K, capacity 32660K, committed 32896K, reserved 1079296K
  class space    used 3656K, capacity 3919K, committed 3968K, reserved 1048576K

Card table byte_map: [0x0000000101855000,0x0000000102056000] byte_map_base: 0x00000000fe255000

Marking Bits: (ParMarkBitMap*) 0x0000000102a3ee40
 Begin Bits: [0x0000000112652000, 0x0000000116652000)
 End Bits:   [0x0000000116652000, 0x000000011a652000)

Polling page: 0x00000001003f9000

CodeCache: size=245760Kb used=23305Kb max_used=23309Kb free=222454Kb
 bounds [0x00000001030fc000, 0x00000001047dc000, 0x00000001120fc000]
 total_blobs=6907 nmethods=6467 adapters=353
 compilation: enabled

Compilation events (10 events):
Event: 11.497 Thread 0x00007f905c027000 nmethod 7494 0x00000001047d0590 code [0x00000001047d07a0, 0x00000001047d12d0]
Event: 11.502 Thread 0x00007f905c024800 nmethod 7497 0x00000001047cf990 code [0x00000001047cfb20, 0x00000001047d0078]
Event: 11.579 Thread 0x00007f905b80b000 7499       4       org.wildfly.swarm.tools.utils.ChecksumUtil::toChars (27 bytes)
Event: 11.580 Thread 0x00007f905b80b000 nmethod 7499 0x00000001047cc3d0 code [0x00000001047cc520, 0x00000001047cc5f8]
Event: 11.680 Thread 0x00007f905b011000 7500       3       java.security.Provider$ServiceKey::hashCode (16 bytes)
Event: 11.680 Thread 0x00007f905b011000 nmethod 7500 0x00000001047cf390 code [0x00000001047cf500, 0x00000001047cf7d8]
Event: 11.694 Thread 0x00007f905b011000 7501       3       org.wildfly.swarm.tools.utils.ChecksumUtil::toHex (40 bytes)
Event: 11.694 Thread 0x00007f905b011000 nmethod 7501 0x00000001047d4910 code [0x00000001047d4ae0, 0x00000001047d5188]
Event: 11.695 Thread 0x00007f905b011000 7502       3       org.wildfly.swarm.tools.utils.ChecksumUtil::calculateChecksum (42 bytes)
Event: 11.695 Thread 0x00007f905b011000 nmethod 7502 0x00000001047d3ed0 code [0x00000001047d40a0, 0x00000001047d46a8]

GC Heap History (10 events):
Event: 1.897 GC heap before
{Heap before GC invocations=3 (full 0):
 PSYoungGen      total 141824K, used 141526K [0x000000076ab00000, 0x0000000774000000, 0x00000007c0000000)
  eden space 131072K, 100% used [0x000000076ab00000,0x0000000772b00000,0x0000000772b00000)
  from space 10752K, 97% used [0x0000000773580000,0x0000000773fb5a78,0x0000000774000000)
  to   space 10752K, 0% used [0x0000000772b00000,0x0000000772b00000,0x0000000773580000)
 ParOldGen       total 175104K, used 32K [0x00000006c0000000, 0x00000006cab00000, 0x000000076ab00000)
  object space 175104K, 0% used [0x00000006c0000000,0x00000006c0008000,0x00000006cab00000)
 Metaspace       used 15472K, capacity 15744K, committed 16000K, reserved 1062912K
  class space    used 1835K, capacity 1918K, committed 1920K, reserved 1048576K
Event: 1.918 GC heap after
Heap after GC invocations=3 (full 0):
 PSYoungGen      total 141824K, used 10736K [0x000000076ab00000, 0x000000077c000000, 0x00000007c0000000)
  eden space 131072K, 0% used [0x000000076ab00000,0x000000076ab00000,0x0000000772b00000)
  from space 10752K, 99% used [0x0000000772b00000,0x000000077357c030,0x0000000773580000)
  to   space 10752K, 0% used [0x000000077b580000,0x000000077b580000,0x000000077c000000)
 ParOldGen       total 175104K, used 10658K [0x00000006c0000000, 0x00000006cab00000, 0x000000076ab00000)
  object space 175104K, 6% used [0x00000006c0000000,0x00000006c0a68820,0x00000006cab00000)
 Metaspace       used 15472K, capacity 15744K, committed 16000K, reserved 1062912K
  class space    used 1835K, capacity 1918K, committed 1920K, reserved 1048576K
}
Event: 2.696 GC heap before
{Heap before GC invocations=4 (full 0):
 PSYoungGen      total 141824K, used 141808K [0x000000076ab00000, 0x000000077c000000, 0x00000007c0000000)
  eden space 131072K, 100% used [0x000000076ab00000,0x0000000772b00000,0x0000000772b00000)
  from space 10752K, 99% used [0x0000000772b00000,0x000000077357c030,0x0000000773580000)
  to   space 10752K, 0% used [0x000000077b580000,0x000000077b580000,0x000000077c000000)
 ParOldGen       total 175104K, used 10658K [0x00000006c0000000, 0x00000006cab00000, 0x000000076ab00000)
  object space 175104K, 6% used [0x00000006c0000000,0x00000006c0a68820,0x00000006cab00000)
 Metaspace       used 15921K, capacity 16172K, committed 16384K, reserved 1062912K
  class space    used 1849K, capacity 1952K, committed 2048K, reserved 1048576K
Event: 2.722 GC heap after
Heap after GC invocations=4 (full 0):
 PSYoungGen      total 272896K, used 10736K [0x000000076ab00000, 0x000000077c000000, 0x00000007c0000000)
  eden space 262144K, 0% used [0x000000076ab00000,0x000000076ab00000,0x000000077ab00000)
  from space 10752K, 99% used [0x000000077b580000,0x000000077bffc010,0x000000077c000000)
  to   space 10752K, 0% used [0x000000077ab00000,0x000000077ab00000,0x000000077b580000)
 ParOldGen       total 175104K, used 19731K [0x00000006c0000000, 0x00000006cab00000, 0x000000076ab00000)
  object space 175104K, 11% used [0x00000006c0000000,0x00000006c1344ea8,0x00000006cab00000)
 Metaspace       used 15921K, capacity 16172K, committed 16384K, reserved 1062912K
  class space    used 1849K, capacity 1952K, committed 2048K, reserved 1048576K
}
Event: 3.675 GC heap before
{Heap before GC invocations=5 (full 0):
 PSYoungGen      total 272896K, used 161071K [0x000000076ab00000, 0x000000077c000000, 0x00000007c0000000)
  eden space 262144K, 57% used [0x000000076ab00000,0x0000000773dcfd38,0x000000077ab00000)
  from space 10752K, 99% used [0x000000077b580000,0x000000077bffc010,0x000000077c000000)
  to   space 10752K, 0% used [0x000000077ab00000,0x000000077ab00000,0x000000077b580000)
 ParOldGen       total 175104K, used 19731K [0x00000006c0000000, 0x00000006cab00000, 0x000000076ab00000)
  object space 175104K, 11% used [0x00000006c0000000,0x00000006c1344ea8,0x00000006cab00000)
 Metaspace       used 20770K, capacity 21160K, committed 21296K, reserved 1069056K
  class space    used 2484K, capacity 2616K, committed 2688K, reserved 1048576K
Event: 3.709 GC heap after
Heap after GC invocations=5 (full 0):
 PSYoungGen      total 272896K, used 10728K [0x000000076ab00000, 0x000000078df00000, 0x00000007c0000000)
  eden space 262144K, 0% used [0x000000076ab00000,0x000000076ab00000,0x000000077ab00000)
  from space 10752K, 99% used [0x000000077ab00000,0x000000077b57a178,0x000000077b580000)
  to   space 26624K, 0% used [0x000000078c500000,0x000000078c500000,0x000000078df00000)
 ParOldGen       total 175104K, used 30638K [0x00000006c0000000, 0x00000006cab00000, 0x000000076ab00000)
  object space 175104K, 17% used [0x00000006c0000000,0x00000006c1debb90,0x00000006cab00000)
 Metaspace       used 20770K, capacity 21160K, committed 21296K, reserved 1069056K
  class space    used 2484K, capacity 2616K, committed 2688K, reserved 1048576K
}
Event: 3.709 GC heap before
{Heap before GC invocations=6 (full 1):
 PSYoungGen      total 272896K, used 10728K [0x000000076ab00000, 0x000000078df00000, 0x00000007c0000000)
  eden space 262144K, 0% used [0x000000076ab00000,0x000000076ab00000,0x000000077ab00000)
  from space 10752K, 99% used [0x000000077ab00000,0x000000077b57a178,0x000000077b580000)
  to   space 26624K, 0% used [0x000000078c500000,0x000000078c500000,0x000000078df00000)
 ParOldGen       total 175104K, used 30638K [0x00000006c0000000, 0x00000006cab00000, 0x000000076ab00000)
  object space 175104K, 17% used [0x00000006c0000000,0x00000006c1debb90,0x00000006cab00000)
 Metaspace       used 20770K, capacity 21160K, committed 21296K, reserved 1069056K
  class space    used 2484K, capacity 2616K, committed 2688K, reserved 1048576K
Event: 3.941 GC heap after
Heap after GC invocations=6 (full 1):
 PSYoungGen      total 272896K, used 0K [0x000000076ab00000, 0x000000078df00000, 0x00000007c0000000)
  eden space 262144K, 0% used [0x000000076ab00000,0x000000076ab00000,0x000000077ab00000)
  from space 10752K, 0% used [0x000000077ab00000,0x000000077ab00000,0x000000077b580000)
  to   space 26624K, 0% used [0x000000078c500000,0x000000078c500000,0x000000078df00000)
 ParOldGen       total 167424K, used 40135K [0x00000006c0000000, 0x00000006ca380000, 0x000000076ab00000)
  object space 167424K, 23% used [0x00000006c0000000,0x00000006c2731c40,0x00000006ca380000)
 Metaspace       used 20770K, capacity 21160K, committed 21296K, reserved 1069056K
  class space    used 2484K, capacity 2616K, committed 2688K, reserved 1048576K
}
Event: 10.054 GC heap before
{Heap before GC invocations=7 (full 1):
 PSYoungGen      total 272896K, used 262144K [0x000000076ab00000, 0x000000078df00000, 0x00000007c0000000)
  eden space 262144K, 100% used [0x000000076ab00000,0x000000077ab00000,0x000000077ab00000)
  from space 10752K, 0% used [0x000000077ab00000,0x000000077ab00000,0x000000077b580000)
  to   space 26624K, 0% used [0x000000078c500000,0x000000078c500000,0x000000078df00000)
 ParOldGen       total 167424K, used 40135K [0x00000006c0000000, 0x00000006ca380000, 0x000000076ab00000)
  object space 167424K, 23% used [0x00000006c0000000,0x00000006c2731c40,0x00000006ca380000)
 Metaspace       used 30966K, capacity 31800K, committed 32128K, reserved 1077248K
  class space    used 3600K, capacity 3851K, committed 3968K, reserved 1048576K
Event: 10.091 GC heap after
Heap after GC invocations=7 (full 1):
 PSYoungGen      total 357376K, used 26611K [0x000000076ab00000, 0x000000078df00000, 0x00000007c0000000)
  eden space 330752K, 0% used [0x000000076ab00000,0x000000076ab00000,0x000000077ee00000)
  from space 26624K, 99% used [0x000000078c500000,0x000000078defcf00,0x000000078df00000)
  to   space 34816K, 0% used [0x0000000789b00000,0x0000000789b00000,0x000000078bd00000)
 ParOldGen       total 167424K, used 46995K [0x00000006c0000000, 0x00000006ca380000, 0x000000076ab00000)
  object space 167424K, 28% used [0x00000006c0000000,0x00000006c2de4c90,0x00000006ca380000)
 Metaspace       used 30966K, capacity 31800K, committed 32128K, reserved 1077248K
  class space    used 3600K, capacity 3851K, committed 3968K, reserved 1048576K
}

Deoptimization events (10 events):
Event: 10.884 Thread 0x00007f905b005000 Uncommon trap: reason=unstable_if action=reinterpret pc=0x0000000103baa0b8 method=java.lang.Character.valueOf(C)Ljava/lang/Character; @ 3
Event: 10.884 Thread 0x00007f905b005000 Uncommon trap: reason=unstable_if action=reinterpret pc=0x000000010327bf60 method=java.util.regex.Pattern.range(Ljava/util/regex/Pattern$BitClass;)Ljava/util/regex/Pattern$CharProperty; @ 108
Event: 10.884 Thread 0x00007f905b005000 Uncommon trap: reason=unstable_if action=reinterpret pc=0x000000010328e2ac method=java.util.regex.Pattern.range(Ljava/util/regex/Pattern$BitClass;)Ljava/util/regex/Pattern$CharProperty; @ 108
Event: 10.887 Thread 0x00007f905b005000 Uncommon trap: reason=unstable_if action=reinterpret pc=0x0000000103a53490 method=java.util.IdentityHashMap.maskNull(Ljava/lang/Object;)Ljava/lang/Object; @ 1
Event: 11.044 Thread 0x00007f905b005000 Uncommon trap: reason=class_check action=maybe_recompile pc=0x0000000103a1e50c method=java.util.Collections$UnmodifiableMap.isEmpty()Z @ 4
Event: 11.067 Thread 0x00007f905b005000 Uncommon trap: reason=unstable_if action=reinterpret pc=0x0000000103455ef0 method=java.io.ByteArrayInputStream.read()I @ 8
Event: 11.379 Thread 0x00007f905b005000 Uncommon trap: reason=class_check action=maybe_recompile pc=0x000000010476df54 method=org.jboss.shrinkwrap.impl.base.exporter.AbstractOnDemandInputStream.read()I @ 245
Event: 11.379 Thread 0x00007f905b005000 Uncommon trap: reason=class_check action=maybe_recompile pc=0x000000010476df54 method=org.jboss.shrinkwrap.impl.base.exporter.AbstractOnDemandInputStream.read()I @ 245
Event: 11.380 Thread 0x00007f905b005000 Uncommon trap: reason=class_check action=maybe_recompile pc=0x000000010476df54 method=org.jboss.shrinkwrap.impl.base.exporter.AbstractOnDemandInputStream.read()I @ 245
Event: 11.396 Thread 0x00007f905b005000 Uncommon trap: reason=unstable_if action=reinterpret pc=0x0000000103afe6a8 method=java.util.concurrent.ConcurrentHashMap.replaceNode(Ljava/lang/Object;Ljava/lang/Object;Ljava/lang/Object;)Ljava/lang/Object; @ 124

Classes redefined (0 events):
No events

Internal exceptions (10 events):
Event: 4.307 Thread 0x00007f905b005000 Exception <a 'java/io/FileNotFoundException'> (0x000000076c60cf90) thrown at [/Users/java_re/workspace/8-2-build-macosx-x86_64/jdk8u211/12973/hotspot/src/share/vm/prims/jni.cpp, line 710]
Event: 4.307 Thread 0x00007f905b005000 Exception <a 'java/io/FileNotFoundException'> (0x000000076c60df10) thrown at [/Users/java_re/workspace/8-2-build-macosx-x86_64/jdk8u211/12973/hotspot/src/share/vm/prims/jni.cpp, line 710]
Event: 5.010 Thread 0x00007f905b005000 Implicit null exception at 0x000000010336c52b to 0x0000000103370cc9
Event: 5.145 Thread 0x00007f905b005000 Exception <a 'java/lang/NoSuchMethodError': org.apache.maven.execution.MavenExecutionRequest.getFailureBehavior()Ljava/lang/String;> (0x00000007704cd4a0) thrown at [/Users/java_re/workspace/8-2-build-macosx-x86_64/jdk8u211/12973/hotspot/src/share/vm/inter
Event: 5.147 Thread 0x00007f9061277000 Implicit null exception at 0x0000000103e9751d to 0x0000000103e97a9d
Event: 5.285 Thread 0x00007f905b005000 Implicit null exception at 0x000000010369f618 to 0x000000010369f6a6
Event: 8.820 Thread 0x00007f905b005000 Exception <a 'java/lang/NoSuchFieldError': method resolution failed> (0x00000007749ae8b0) thrown at [/Users/java_re/workspace/8-2-build-macosx-x86_64/jdk8u211/12973/hotspot/src/share/vm/prims/methodHandles.cpp, line 1167]
Event: 8.822 Thread 0x00007f905b005000 Exception <a 'java/lang/NoSuchFieldError': method resolution failed> (0x00000007749bbf70) thrown at [/Users/java_re/workspace/8-2-build-macosx-x86_64/jdk8u211/12973/hotspot/src/share/vm/prims/methodHandles.cpp, line 1167]
Event: 9.650 Thread 0x00007f905b005000 Exception <a 'java/lang/NoSuchMethodError': java.lang.Object.findModuleXmls(Ljava/io/File;)Ljava/util/stream/Stream;> (0x00000007792d63c0) thrown at [/Users/java_re/workspace/8-2-build-macosx-x86_64/jdk8u211/12973/hotspot/src/share/vm/interpreter/linkReso
Event: 11.006 Thread 0x00007f905b005000 Exception <a 'sun/nio/fs/UnixException'> (0x00000007726d6190) thrown at [/Users/java_re/workspace/8-2-build-macosx-x86_64/jdk8u211/12973/hotspot/src/share/vm/prims/jni.cpp, line 710]

Events (10 events):
Event: 11.461 Thread 0x00007f905b005000 DEOPT PACKING pc=0x00000001047bad0a sp=0x000070000dd3b710
Event: 11.461 Thread 0x00007f905b005000 DEOPT UNPACKING pc=0x0000000103143784 sp=0x000070000dd3b430 mode 0
Event: 11.461 Thread 0x00007f905b005000 DEOPT PACKING pc=0x00000001047bad0a sp=0x000070000dd3b710
Event: 11.461 Thread 0x00007f905b005000 DEOPT UNPACKING pc=0x0000000103143784 sp=0x000070000dd3b430 mode 0
Event: 11.461 Thread 0x00007f905b005000 DEOPT PACKING pc=0x00000001047bad0a sp=0x000070000dd3b710
Event: 11.461 Thread 0x00007f905b005000 DEOPT UNPACKING pc=0x0000000103143784 sp=0x000070000dd3b430 mode 0
Event: 11.469 Thread 0x00007f905b005000 DEOPT PACKING pc=0x00000001047c54e2 sp=0x000070000dd3b770
Event: 11.469 Thread 0x00007f905b005000 DEOPT UNPACKING pc=0x0000000103143784 sp=0x000070000dd3b4b8 mode 0
Event: 11.473 Thread 0x00007f905b005000 DEOPT PACKING pc=0x00000001047ba286 sp=0x000070000dd3b720
Event: 11.473 Thread 0x00007f905b005000 DEOPT UNPACKING pc=0x0000000103143784 sp=0x000070000dd3b460 mode 0


Dynamic libraries:
0x00007fff2f7a5000 	/System/Library/Frameworks/Cocoa.framework/Versions/A/Cocoa
0x00007fff3b487000 	/System/Library/Frameworks/Security.framework/Versions/A/Security
0x00007fff2e43a000 	/System/Library/Frameworks/ApplicationServices.framework/Versions/A/ApplicationServices
0x00007fff5bacf000 	/usr/lib/libz.1.dylib
0x00007fff591ff000 	/usr/lib/libSystem.B.dylib
0x00007fff5abf9000 	/usr/lib/libobjc.A.dylib
0x00007fff2ff8d000 	/System/Library/Frameworks/CoreFoundation.framework/Versions/A/CoreFoundation
0x00007fff32201000 	/System/Library/Frameworks/Foundation.framework/Versions/C/Foundation
0x00007fff2d633000 	/System/Library/Frameworks/AppKit.framework/Versions/C/AppKit
0x00007fff2fb20000 	/System/Library/Frameworks/CoreData.framework/Versions/A/CoreData
0x00007fff52d4e000 	/System/Library/PrivateFrameworks/RemoteViewServices.framework/Versions/A/RemoteViewServices
0x00007fff56f42000 	/System/Library/PrivateFrameworks/UIFoundation.framework/Versions/A/UIFoundation
0x00007fff58624000 	/System/Library/PrivateFrameworks/XCTTargetBootstrap.framework/Versions/A/XCTTargetBootstrap
0x00007fff4db8b000 	/System/Library/PrivateFrameworks/IconServices.framework/Versions/A/IconServices
0x00007fff34b1a000 	/System/Library/Frameworks/Metal.framework/Versions/A/Metal
0x00007fff45116000 	/System/Library/PrivateFrameworks/DesktopServicesPriv.framework/Versions/A/DesktopServicesPriv
0x00007fff59f5f000 	/usr/lib/libenergytrace.dylib
0x00007fff55431000 	/System/Library/PrivateFrameworks/SkyLight.framework/Versions/A/SkyLight
0x00007fff303d2000 	/System/Library/Frameworks/CoreGraphics.framework/Versions/A/CoreGraphics
0x00007fff2c3ff000 	/System/Library/Frameworks/Accelerate.framework/Versions/A/Accelerate
0x00007fff32947000 	/System/Library/Frameworks/IOSurface.framework/Versions/A/IOSurface
0x00007fff44f82000 	/System/Library/PrivateFrameworks/DFRFoundation.framework/Versions/A/DFRFoundation
0x00007fff2e91d000 	/System/Library/Frameworks/AudioToolbox.framework/Versions/A/AudioToolbox
0x00007fff2eb96000 	/System/Library/Frameworks/AudioUnit.framework/Versions/A/AudioUnit
0x00007fff45017000 	/System/Library/PrivateFrameworks/DataDetectorsCore.framework/Versions/A/DataDetectorsCore
0x00007fff2f2a9000 	/System/Library/Frameworks/Carbon.framework/Versions/A/Frameworks/HIToolbox.framework/Versions/A/HIToolbox
0x00007fff5a0b8000 	/usr/lib/libicucore.A.dylib
0x00007fff3a9fe000 	/System/Library/Frameworks/QuartzCore.framework/Versions/A/QuartzCore
0x00007fff2f67d000 	/System/Library/Frameworks/Carbon.framework/Versions/A/Frameworks/SpeechRecognition.framework/Versions/A/SpeechRecognition
0x00007fff59353000 	/usr/lib/libauto.dylib
0x00007fff5b9c3000 	/usr/lib/libxml2.2.dylib
0x00007fff44b62000 	/System/Library/PrivateFrameworks/CoreUI.framework/Versions/A/CoreUI
0x00007fff2fa0b000 	/System/Library/Frameworks/CoreAudio.framework/Versions/A/CoreAudio
0x00007fff3203d000 	/System/Library/Frameworks/DiskArbitration.framework/Versions/A/DiskArbitration
0x00007fff5a365000 	/usr/lib/liblangid.dylib
0x00007fff4ef8a000 	/System/Library/PrivateFrameworks/MultitouchSupport.framework/Versions/A/MultitouchSupport
0x00007fff328b6000 	/System/Library/Frameworks/IOKit.framework/Versions/A/IOKit
0x00007fff58dc0000 	/usr/lib/libDiagnosticMessagesClient.dylib
0x00007fff311de000 	/System/Library/Frameworks/CoreServices.framework/Versions/A/CoreServices
0x00007fff50b60000 	/System/Library/PrivateFrameworks/PerformanceAnalysis.framework/Versions/A/PerformanceAnalysis
0x00007fff39bee000 	/System/Library/Frameworks/OpenGL.framework/Versions/A/OpenGL
0x00007fff2f7b3000 	/System/Library/Frameworks/ColorSync.framework/Versions/A/ColorSync
0x00007fff30a63000 	/System/Library/Frameworks/CoreImage.framework/Versions/A/CoreImage
0x00007fff31bb7000 	/System/Library/Frameworks/CoreText.framework/Versions/A/CoreText
0x00007fff329aa000 	/System/Library/Frameworks/ImageIO.framework/Versions/A/ImageIO
0x00007fff411c0000 	/System/Library/PrivateFrameworks/Backup.framework/Versions/A/Backup
0x00007fff592a6000 	/usr/lib/libarchive.2.dylib
0x00007fff2eeee000 	/System/Library/Frameworks/CFNetwork.framework/Versions/A/CFNetwork
0x00007fff3bbe0000 	/System/Library/Frameworks/SystemConfiguration.framework/Versions/A/SystemConfiguration
0x00007fff58cf1000 	/usr/lib/libCRFSuite.dylib
0x00007fff59442000 	/usr/lib/libc++.1.dylib
0x00007fff59496000 	/usr/lib/libc++abi.dylib
0x00007fff5c2be000 	/usr/lib/system/libcache.dylib
0x00007fff5c2c3000 	/usr/lib/system/libcommonCrypto.dylib
0x00007fff5c2ce000 	/usr/lib/system/libcompiler_rt.dylib
0x00007fff5c2d6000 	/usr/lib/system/libcopyfile.dylib
0x00007fff5c2e0000 	/usr/lib/system/libcorecrypto.dylib
0x00007fff5c3eb000 	/usr/lib/system/libdispatch.dylib
0x00007fff5c425000 	/usr/lib/system/libdyld.dylib
0x00007fff5c452000 	/usr/lib/system/libkeymgr.dylib
0x00007fff5c460000 	/usr/lib/system/liblaunch.dylib
0x00007fff5c461000 	/usr/lib/system/libmacho.dylib
0x00007fff5c467000 	/usr/lib/system/libquarantine.dylib
0x00007fff5c46a000 	/usr/lib/system/libremovefile.dylib
0x00007fff5c46c000 	/usr/lib/system/libsystem_asl.dylib
0x00007fff5c484000 	/usr/lib/system/libsystem_blocks.dylib
0x00007fff5c485000 	/usr/lib/system/libsystem_c.dylib
0x00007fff5c50d000 	/usr/lib/system/libsystem_configuration.dylib
0x00007fff5c511000 	/usr/lib/system/libsystem_coreservices.dylib
0x00007fff5c515000 	/usr/lib/system/libsystem_darwin.dylib
0x00007fff5c51c000 	/usr/lib/system/libsystem_dnssd.dylib
0x00007fff5c523000 	/usr/lib/system/libsystem_info.dylib
0x00007fff5c598000 	/usr/lib/system/libsystem_m.dylib
0x00007fff5c5e4000 	/usr/lib/system/libsystem_malloc.dylib
0x00007fff5c609000 	/usr/lib/system/libsystem_networkextension.dylib
0x00007fff5c614000 	/usr/lib/system/libsystem_notify.dylib
0x00007fff5c631000 	/usr/lib/system/libsystem_sandbox.dylib
0x00007fff5c635000 	/usr/lib/system/libsystem_secinit.dylib
0x00007fff5c56f000 	/usr/lib/system/libsystem_kernel.dylib
0x00007fff5c61c000 	/usr/lib/system/libsystem_platform.dylib
0x00007fff5c626000 	/usr/lib/system/libsystem_pthread.dylib
0x00007fff5c638000 	/usr/lib/system/libsystem_symptoms.dylib
0x00007fff5c640000 	/usr/lib/system/libsystem_trace.dylib
0x00007fff5c657000 	/usr/lib/system/libunwind.dylib
0x00007fff5c65d000 	/usr/lib/system/libxpc.dylib
0x00007fff59423000 	/usr/lib/libbsm.0.dylib
0x00007fff5c453000 	/usr/lib/system/libkxld.dylib
0x00007fff40406000 	/System/Library/PrivateFrameworks/AppleFSCompression.framework/Versions/A/AppleFSCompression
0x00007fff590bf000 	/usr/lib/libOpenScriptingUtil.dylib
0x00007fff5974b000 	/usr/lib/libcoretls.dylib
0x00007fff59762000 	/usr/lib/libcoretls_cfhelpers.dylib
0x00007fff5b390000 	/usr/lib/libpam.2.dylib
0x00007fff5b550000 	/usr/lib/libsqlite3.dylib
0x00007fff5b9b1000 	/usr/lib/libxar.1.dylib
0x00007fff59434000 	/usr/lib/libbz2.1.0.dylib
0x00007fff5a367000 	/usr/lib/liblzma.5.dylib
0x00007fff5a818000 	/usr/lib/libnetwork.dylib
0x00007fff5928f000 	/usr/lib/libapple_nghttp2.dylib
0x00007fff5b397000 	/usr/lib/libpcap.A.dylib
0x00007fff3157d000 	/System/Library/Frameworks/CoreServices.framework/Versions/A/Frameworks/FSEvents.framework/Versions/A/FSEvents
0x00007fff3125c000 	/System/Library/Frameworks/CoreServices.framework/Versions/A/Frameworks/CarbonCore.framework/Versions/A/CarbonCore
0x00007fff31739000 	/System/Library/Frameworks/CoreServices.framework/Versions/A/Frameworks/Metadata.framework/Versions/A/Metadata
0x00007fff317d8000 	/System/Library/Frameworks/CoreServices.framework/Versions/A/Frameworks/OSServices.framework/Versions/A/OSServices
0x00007fff31823000 	/System/Library/Frameworks/CoreServices.framework/Versions/A/Frameworks/SearchKit.framework/Versions/A/SearchKit
0x00007fff311df000 	/System/Library/Frameworks/CoreServices.framework/Versions/A/Frameworks/AE.framework/Versions/A/AE
0x00007fff31586000 	/System/Library/Frameworks/CoreServices.framework/Versions/A/Frameworks/LaunchServices.framework/Versions/A/LaunchServices
0x00007fff31534000 	/System/Library/Frameworks/CoreServices.framework/Versions/A/Frameworks/DictionaryServices.framework/Versions/A/DictionaryServices
0x00007fff3188b000 	/System/Library/Frameworks/CoreServices.framework/Versions/A/Frameworks/SharedFileList.framework/Versions/A/SharedFileList
0x00007fff35bc9000 	/System/Library/Frameworks/NetFS.framework/Versions/A/NetFS
0x00007fff4f1f0000 	/System/Library/PrivateFrameworks/NetAuth.framework/Versions/A/NetAuth
0x00007fff58a28000 	/System/Library/PrivateFrameworks/login.framework/Versions/A/Frameworks/loginsupport.framework/Versions/A/loginsupport
0x00007fff56b4b000 	/System/Library/PrivateFrameworks/TCC.framework/Versions/A/TCC
0x00007fff441c1000 	/System/Library/PrivateFrameworks/CoreNLP.framework/Versions/A/CoreNLP
0x00007fff4ec8a000 	/System/Library/PrivateFrameworks/MetadataUtilities.framework/Versions/A/MetadataUtilities
0x00007fff5a43c000 	/usr/lib/libmecabra.dylib
0x00007fff2e43b000 	/System/Library/Frameworks/ApplicationServices.framework/Versions/A/Frameworks/ATS.framework/Versions/A/ATS
0x00007fff2e78a000 	/System/Library/Frameworks/ApplicationServices.framework/Versions/A/Frameworks/ColorSyncLegacy.framework/Versions/A/ColorSyncLegacy
0x00007fff2e829000 	/System/Library/Frameworks/ApplicationServices.framework/Versions/A/Frameworks/HIServices.framework/Versions/A/HIServices
0x00007fff2e87c000 	/System/Library/Frameworks/ApplicationServices.framework/Versions/A/Frameworks/LangAnalysis.framework/Versions/A/LangAnalysis
0x00007fff2e88c000 	/System/Library/Frameworks/ApplicationServices.framework/Versions/A/Frameworks/PrintCore.framework/Versions/A/PrintCore
0x00007fff2e8d6000 	/System/Library/Frameworks/ApplicationServices.framework/Versions/A/Frameworks/QD.framework/Versions/A/QD
0x00007fff2e910000 	/System/Library/Frameworks/ApplicationServices.framework/Versions/A/Frameworks/SpeechSynthesis.framework/Versions/A/SpeechSynthesis
0x00007fff594be000 	/usr/lib/libcompression.dylib
0x00007fff2fea5000 	/System/Library/Frameworks/CoreDisplay.framework/Versions/A/CoreDisplay
0x00007fff34dd1000 	/System/Library/Frameworks/MetalPerformanceShaders.framework/Versions/A/MetalPerformanceShaders
0x00007fff2c417000 	/System/Library/Frameworks/Accelerate.framework/Versions/A/Frameworks/vImage.framework/Versions/A/vImage
0x00007fff2d491000 	/System/Library/Frameworks/Accelerate.framework/Versions/A/Frameworks/vecLib.framework/Versions/A/vecLib
0x00007fff2d3dd000 	/System/Library/Frameworks/Accelerate.framework/Versions/A/Frameworks/vecLib.framework/Versions/A/libvMisc.dylib
0x00007fff2d1f5000 	/System/Library/Frameworks/Accelerate.framework/Versions/A/Frameworks/vecLib.framework/Versions/A/libvDSP.dylib
0x00007fff2cab1000 	/System/Library/Frameworks/Accelerate.framework/Versions/A/Frameworks/vecLib.framework/Versions/A/libBLAS.dylib
0x00007fff2cd9e000 	/System/Library/Frameworks/Accelerate.framework/Versions/A/Frameworks/vecLib.framework/Versions/A/libLAPACK.dylib
0x00007fff2d148000 	/System/Library/Frameworks/Accelerate.framework/Versions/A/Frameworks/vecLib.framework/Versions/A/libLinearAlgebra.dylib
0x00007fff2d1e1000 	/System/Library/Frameworks/Accelerate.framework/Versions/A/Frameworks/vecLib.framework/Versions/A/libSparseBLAS.dylib
0x00007fff2d15e000 	/System/Library/Frameworks/Accelerate.framework/Versions/A/Frameworks/vecLib.framework/Versions/A/libQuadrature.dylib
0x00007fff2cd2b000 	/System/Library/Frameworks/Accelerate.framework/Versions/A/Frameworks/vecLib.framework/Versions/A/libBNNS.dylib
0x00007fff2d164000 	/System/Library/Frameworks/Accelerate.framework/Versions/A/Frameworks/vecLib.framework/Versions/A/libSparse.dylib
0x00007fff4b4fc000 	/System/Library/PrivateFrameworks/GPUWrangler.framework/Versions/A/GPUWrangler
0x00007fff4d7c0000 	/System/Library/PrivateFrameworks/IOAccelerator.framework/Versions/A/IOAccelerator
0x00007fff4d7cb000 	/System/Library/PrivateFrameworks/IOPresentment.framework/Versions/A/IOPresentment
0x00007fff44f92000 	/System/Library/PrivateFrameworks/DSExternalDisplay.framework/Versions/A/DSExternalDisplay
0x00007fff39045000 	/System/Library/Frameworks/OpenGL.framework/Versions/A/Libraries/libCoreFSCache.dylib
0x00007fff34bc5000 	/System/Library/Frameworks/MetalPerformanceShaders.framework/Frameworks/MPSCore.framework/Versions/A/MPSCore
0x00007fff34be5000 	/System/Library/Frameworks/MetalPerformanceShaders.framework/Frameworks/MPSImage.framework/Versions/A/MPSImage
0x00007fff34c8a000 	/System/Library/Frameworks/MetalPerformanceShaders.framework/Frameworks/MPSNeuralNetwork.framework/Versions/A/MPSNeuralNetwork
0x00007fff34c62000 	/System/Library/Frameworks/MetalPerformanceShaders.framework/Frameworks/MPSMatrix.framework/Versions/A/MPSMatrix
0x00007fff34db6000 	/System/Library/Frameworks/MetalPerformanceShaders.framework/Frameworks/MPSRayIntersector.framework/Versions/A/MPSRayIntersector
0x00007fff4ecb3000 	/System/Library/PrivateFrameworks/MetalTools.framework/Versions/A/MetalTools
0x00007fff3fb07000 	/System/Library/PrivateFrameworks/AggregateDictionary.framework/Versions/A/AggregateDictionary
0x00007fff590a0000 	/usr/lib/libMobileGestalt.dylib
0x00007fff31d1a000 	/System/Library/Frameworks/CoreVideo.framework/Versions/A/CoreVideo
0x00007fff4c306000 	/System/Library/PrivateFrameworks/GraphVisualizer.framework/Versions/A/GraphVisualizer
0x00007fff4618c000 	/System/Library/PrivateFrameworks/FaceCore.framework/Versions/A/FaceCore
0x00007fff38673000 	/System/Library/Frameworks/OpenCL.framework/Versions/A/OpenCL
0x00007fff58df8000 	/usr/lib/libFosl_dynamic.dylib
0x00007fff4fa5b000 	/System/Library/PrivateFrameworks/OTSVG.framework/Versions/A/OTSVG
0x00007fff2e53f000 	/System/Library/Frameworks/ApplicationServices.framework/Versions/A/Frameworks/ATS.framework/Versions/A/Resources/libFontParser.dylib
0x00007fff2e657000 	/System/Library/Frameworks/ApplicationServices.framework/Versions/A/Frameworks/ATS.framework/Versions/A/Resources/libFontRegistry.dylib
0x00007fff32c18000 	/System/Library/Frameworks/ImageIO.framework/Versions/A/Resources/libJPEG.dylib
0x00007fff32f2a000 	/System/Library/Frameworks/ImageIO.framework/Versions/A/Resources/libTIFF.dylib
0x00007fff32f00000 	/System/Library/Frameworks/ImageIO.framework/Versions/A/Resources/libPng.dylib
0x00007fff32b36000 	/System/Library/Frameworks/ImageIO.framework/Versions/A/Resources/libGIF.dylib
0x00007fff32b3b000 	/System/Library/Frameworks/ImageIO.framework/Versions/A/Resources/libJP2.dylib
0x00007fff32f27000 	/System/Library/Frameworks/ImageIO.framework/Versions/A/Resources/libRadiance.dylib
0x00007fff4055b000 	/System/Library/PrivateFrameworks/AppleJPEG.framework/Versions/A/AppleJPEG
0x00007fff39050000 	/System/Library/Frameworks/OpenGL.framework/Versions/A/Libraries/libGFXShared.dylib
0x00007fff39213000 	/System/Library/Frameworks/OpenGL.framework/Versions/A/Libraries/libGLU.dylib
0x00007fff39059000 	/System/Library/Frameworks/OpenGL.framework/Versions/A/Libraries/libGL.dylib
0x00007fff39065000 	/System/Library/Frameworks/OpenGL.framework/Versions/A/Libraries/libGLImage.dylib
0x00007fff39042000 	/System/Library/Frameworks/OpenGL.framework/Versions/A/Libraries/libCVMSPluginSupport.dylib
0x00007fff3904b000 	/System/Library/Frameworks/OpenGL.framework/Versions/A/Libraries/libCoreVMClient.dylib
0x00007fff59dd5000 	/usr/lib/libcups.2.dylib
0x00007fff340ed000 	/System/Library/Frameworks/Kerberos.framework/Versions/A/Kerberos
0x00007fff3261d000 	/System/Library/Frameworks/GSS.framework/Versions/A/GSS
0x00007fff5b4e5000 	/usr/lib/libresolv.9.dylib
0x00007fff59fc7000 	/usr/lib/libiconv.2.dylib
0x00007fff4c462000 	/System/Library/PrivateFrameworks/Heimdal.framework/Versions/A/Heimdal
0x00007fff59f97000 	/usr/lib/libheimdal-asn1.dylib
0x00007fff386e7000 	/System/Library/Frameworks/OpenDirectory.framework/Versions/A/OpenDirectory
0x00007fff42f28000 	/System/Library/PrivateFrameworks/CommonAuth.framework/Versions/A/CommonAuth
0x00007fff386cb000 	/System/Library/Frameworks/OpenDirectory.framework/Versions/A/Frameworks/CFOpenDirectory.framework/Versions/A/CFOpenDirectory
0x00007fff3b786000 	/System/Library/Frameworks/SecurityFoundation.framework/Versions/A/SecurityFoundation
0x00007fff3f062000 	/System/Library/PrivateFrameworks/APFS.framework/Versions/A/APFS
0x00007fff5b9ad000 	/usr/lib/libutil.dylib
0x00007fff594ac000 	/usr/lib/libcharset.1.dylib
0x00007fff407f8000 	/System/Library/PrivateFrameworks/AppleSauce.framework/Versions/A/AppleSauce
0x00007fff40979000 	/System/Library/PrivateFrameworks/AssertionServices.framework/Versions/A/AssertionServices
0x00007fff41256000 	/System/Library/PrivateFrameworks/BaseBoard.framework/Versions/A/BaseBoard
0x00007fff5a397000 	/usr/lib/libmecab.1.0.0.dylib
0x00007fff59f91000 	/usr/lib/libgermantok.dylib
0x00007fff5927c000 	/usr/lib/libThaiTokenizer.dylib
0x00007fff58d28000 	/usr/lib/libChineseTokenizer.dylib
0x00007fff4de77000 	/System/Library/PrivateFrameworks/LanguageModeling.framework/Versions/A/LanguageModeling
0x00007fff43c07000 	/System/Library/PrivateFrameworks/CoreEmoji.framework/Versions/A/CoreEmoji
0x00007fff4df53000 	/System/Library/PrivateFrameworks/Lexicon.framework/Versions/A/Lexicon
0x00007fff4df96000 	/System/Library/PrivateFrameworks/LinguisticData.framework/Versions/A/LinguisticData
0x00007fff594ad000 	/usr/lib/libcmph.dylib
0x00007fff3b844000 	/System/Library/Frameworks/ServiceManagement.framework/Versions/A/ServiceManagement
0x00007fff411b7000 	/System/Library/PrivateFrameworks/BackgroundTaskManagement.framework/Versions/A/BackgroundTaskManagement
0x00007fff5baa6000 	/usr/lib/libxslt.1.dylib
0x00007fff2f5aa000 	/System/Library/Frameworks/Carbon.framework/Versions/A/Frameworks/Ink.framework/Versions/A/Ink
0x00007fff56dbd000 	/System/Library/PrivateFrameworks/TextureIO.framework/Versions/A/TextureIO
0x00007fff592d0000 	/usr/lib/libate.dylib
0x00007fff44ee2000 	/System/Library/PrivateFrameworks/CrashReporterSupport.framework/Versions/A/CrashReporterSupport
0x00007fff5456f000 	/System/Library/PrivateFrameworks/Sharing.framework/Versions/A/Sharing
0x00007fff40d58000 	/System/Library/PrivateFrameworks/AuthKit.framework/Versions/A/AuthKit
0x00007fff40102000 	/System/Library/PrivateFrameworks/Apple80211.framework/Versions/A/Apple80211
0x00007fff44c8e000 	/System/Library/PrivateFrameworks/CoreUtils.framework/Versions/A/CoreUtils
0x00007fff31d58000 	/System/Library/Frameworks/CoreWLAN.framework/Versions/A/CoreWLAN
0x00007fff3274c000 	/System/Library/Frameworks/IOBluetooth.framework/Versions/A/IOBluetooth
0x00007fff529ff000 	/System/Library/PrivateFrameworks/ProtocolBuffer.framework/Versions/A/ProtocolBuffer
0x00007fff4eee8000 	/System/Library/PrivateFrameworks/MobileKeyBag.framework/Versions/A/MobileKeyBag
0x00007fff444d4000 	/System/Library/PrivateFrameworks/CorePhoneNumbers.framework/Versions/A/CorePhoneNumbers
0x00007fff4050f000 	/System/Library/PrivateFrameworks/AppleIDAuthSupport.framework/Versions/A/AppleIDAuthSupport
0x00007fff4de4a000 	/System/Library/PrivateFrameworks/KeychainCircle.framework/Versions/A/KeychainCircle
0x00007fff52bb5000 	/System/Library/PrivateFrameworks/ROCKit.framework/Versions/A/ROCKit
0x00007fff44e7e000 	/System/Library/PrivateFrameworks/CoreWiFi.framework/Versions/A/CoreWiFi
0x00007fff2faf5000 	/System/Library/Frameworks/CoreBluetooth.framework/Versions/A/CoreBluetooth
0x00007fff450d8000 	/System/Library/PrivateFrameworks/DebugSymbols.framework/Versions/A/DebugSymbols
0x00007fff44a4f000 	/System/Library/PrivateFrameworks/CoreSymbolication.framework/Versions/A/CoreSymbolication
0x00007fff565d9000 	/System/Library/PrivateFrameworks/Symbolication.framework/Versions/A/Symbolication
0x00007fff55e7c000 	/System/Library/PrivateFrameworks/SpeechRecognitionCore.framework/Versions/A/SpeechRecognitionCore
0x0000000102143000 	/Library/Java/JavaVirtualMachines/jdk1.8.0_211.jdk/Contents/Home/jre/lib/server/libjvm.dylib
0x00007fff5b87e000 	/usr/lib/libstdc++.6.dylib
0x0000000101400000 	/Library/Java/JavaVirtualMachines/jdk1.8.0_211.jdk/Contents/Home/jre/lib/libverify.dylib
0x000000010140e000 	/Library/Java/JavaVirtualMachines/jdk1.8.0_211.jdk/Contents/Home/jre/lib/libjava.dylib
0x000000010148c000 	/Library/Java/JavaVirtualMachines/jdk1.8.0_211.jdk/Contents/Home/jre/lib/libzip.dylib
0x000000011d70d000 	/Library/Java/JavaVirtualMachines/jdk1.8.0_211.jdk/Contents/Home/jre/lib/libnet.dylib
0x000000011d61d000 	/Library/Java/JavaVirtualMachines/jdk1.8.0_211.jdk/Contents/Home/jre/lib/libnio.dylib
0x000000011e7fa000 	/Library/Java/JavaVirtualMachines/jdk1.8.0_211.jdk/Contents/Home/jre/lib/libmanagement.dylib

VM Arguments:
jvm_args: -Dmaven.multiModuleProjectDirectory=/Users/jw/dev/ok_repos/twttr -Dmaven.home=/Applications/IntelliJ IDEA.app/Contents/plugins/maven/lib/maven3 -Dclassworlds.conf=/Applications/IntelliJ IDEA.app/Contents/plugins/maven/lib/maven3/bin/m2.conf -Dfile.encoding=UTF-8 
java_command: org.codehaus.classworlds.Launcher -Didea.version2019.1.2 install --non-recursive
java_class_path (initial): /Applications/IntelliJ IDEA.app/Contents/plugins/maven/lib/maven3/boot/plexus-classworlds-2.5.2.jar
Launcher Type: SUN_STANDARD

Environment Variables:
JAVA_HOME=/Library/Java/JavaVirtualMachines/jdk1.8.0_211.jdk/Contents/Home
PATH=/usr/local/opt/maven@3.3/bin:/usr/local/share/npm/bin:/usr/local/bin:/usr/bin:/bin:/usr/sbin:/sbin
SHELL=/bin/zsh

Signal Handlers:
SIGSEGV: [libjvm.dylib+0x5b71a7], sa_mask[0]=11111111011111110111111111111111, sa_flags=SA_ONSTACK|SA_RESTART|SA_SIGINFO
SIGBUS: [libjvm.dylib+0x5b71a7], sa_mask[0]=11111111011111110111111111111111, sa_flags=SA_RESTART|SA_SIGINFO
SIGFPE: [libjvm.dylib+0x48c8fc], sa_mask[0]=11111111011111110111111111111111, sa_flags=SA_RESTART|SA_SIGINFO
SIGPIPE: [libjvm.dylib+0x48c8fc], sa_mask[0]=11111111011111110111111111111111, sa_flags=SA_RESTART|SA_SIGINFO
SIGXFSZ: [libjvm.dylib+0x48c8fc], sa_mask[0]=11111111011111110111111111111111, sa_flags=SA_RESTART|SA_SIGINFO
SIGILL: [libjvm.dylib+0x48c8fc], sa_mask[0]=11111111011111110111111111111111, sa_flags=SA_RESTART|SA_SIGINFO
SIGUSR1: SIG_DFL, sa_mask[0]=00000000000000000000000000000000, sa_flags=none
SIGUSR2: [libjvm.dylib+0x48c41a], sa_mask[0]=00100000000000000000000000000000, sa_flags=SA_RESTART|SA_SIGINFO
SIGHUP: [libjvm.dylib+0x48a9a5], sa_mask[0]=11111111011111110111111111111111, sa_flags=SA_RESTART|SA_SIGINFO
SIGINT: [libjvm.dylib+0x48a9a5], sa_mask[0]=11111111011111110111111111111111, sa_flags=SA_RESTART|SA_SIGINFO
SIGTERM: [libjvm.dylib+0x48a9a5], sa_mask[0]=11111111011111110111111111111111, sa_flags=SA_RESTART|SA_SIGINFO
SIGQUIT: [libjvm.dylib+0x48a9a5], sa_mask[0]=11111111011111110111111111111111, sa_flags=SA_RESTART|SA_SIGINFO


---------------  S Y S T E M  ---------------

OS:Bsduname:Darwin 18.5.0 Darwin Kernel Version 18.5.0: Mon Mar 11 20:40:32 PDT 2019; root:xnu-4903.251.3~3/RELEASE_X86_64 x86_64
rlimit: STACK 8192k, CORE 0k, NPROC 1418, NOFILE 10240, AS infinity
load average:2.71 2.58 2.59

CPU:total 8 (initial active 8) (4 cores per cpu, 2 threads per core) family 6 model 142 stepping 10, cmov, cx8, fxsr, mmx, sse, sse2, sse3, ssse3, sse4.1, sse4.2, popcnt, avx, avx2, aes, clmul, erms, 3dnowpref, lzcnt, ht, tsc, tscinvbit, bmi1, bmi2, adx

Memory: 4k page, physical 16777216k(2052528k free)

/proc/meminfo:


vm_info: Java HotSpot(TM) 64-Bit Server VM (25.211-b12) for bsd-amd64 JRE (1.8.0_211-b12), built on Apr  1 2019 20:53:18 by "java_re" with gcc 4.2.1 (Based on Apple Inc. build 5658) (LLVM build 2336.11.00)

time: Tue May 21 15:12:21 2019
timezone: CEST
elapsed time: 11 seconds (0d 0h 0m 11s)

